Vivado Simulator 2020.2
Time resolution is 1 ps
Golden:  165.257514 Your: 165.000000
Golden:  -91.054742 Your: -92.000000
Golden:  -30.131635 Your: -31.000000
Golden:  -47.670095 Your: -48.000000
Golden:   66.487073 Your: 66.000000
Golden:   50.972687 Your: 50.000000
Golden:   42.226487 Your: 42.000000
Golden: -149.709290 Your: -150.000000
Golden:   45.984183 Your: 45.000000
Golden:  135.094065 Your: 135.000000
Golden:  -85.934796 Your: -86.000000
Golden:  -41.533214 Your: -42.000000
Golden:   52.609559 Your: 52.000000
Golden: -101.095275 Your: -102.000000
Golden:  153.772128 Your: 153.000000
Golden:  -38.652074 Your: -39.000000
Golden:    7.794862 Your: 7.000000
Golden:   43.047117 Your: 43.000000
Golden:  -28.289458 Your: -29.000000
Golden:  -36.741563 Your: -37.000000
Golden:  108.497499 Your: 108.000000
Golden: -120.228781 Your: -121.000000
Golden:   61.873104 Your: 61.000000
Golden:  -50.647063 Your: -51.000000
Golden:  116.586778 Your: 116.000000
Golden:   23.865128 Your: 23.000000
Golden:   28.853011 Your: 28.000000
Golden:    4.902402 Your: 4.000000
Golden:  -72.911735 Your: -73.000000
Golden:  167.763049 Your: 167.000000
Golden:  117.413390 Your: 117.000000
Golden:   87.561269 Your: 87.000000
Golden:  174.518422 Your: 174.000000
Golden: -132.734495 Your: -133.000000
Golden: -100.499314 Your: -101.000000
Golden: -178.851443 Your: -179.000000
Golden:   83.916962 Your: 83.000000
Golden: -148.655745 Your: -149.000000
Golden: -120.437370 Your: -121.000000
Golden:  154.238534 Your: 154.000000
Golden: -118.885043 Your: -119.000000
Golden:  -20.928456 Your: -21.000000
Golden:  146.952320 Your: 146.000000
Golden:   46.231140 Your: 46.000000
Golden:   54.088245 Your: 54.000000
Golden:  128.491143 Your: 128.000000
Golden:   96.818386 Your: 96.000000
Golden:  133.225552 Your: 133.000000
Golden:   86.960512 Your: 86.000000
Golden:   -5.081324 Your: -6.000000
Golden: -124.621011 Your: -125.000000
Golden:  -38.979940 Your: -39.000000
Golden: -100.265128 Your: -101.000000
Golden: -107.963900 Your: -108.000000
Golden:   32.800870 Your: 32.000000
Golden:  -87.844933 Your: -88.000000
Golden:   79.889274 Your: 79.000000
Golden:   95.743139 Your: 95.000000
Golden:   83.478374 Your: 83.000000
Golden:  173.894032 Your: 173.000000
Golden:  -24.999866 Your: -25.000000
Golden:   59.901912 Your: 59.000000
Golden:  -23.252957 Your: -24.000000
Golden:   24.145740 Your: 24.000000
Golden:  -88.145036 Your: -89.000000
Golden:  175.531733 Your: 175.000000
Golden: -179.121462 Your: -180.000000
Golden:  163.432115 Your: 163.000000
Golden:   90.738327 Your: 90.000000
Golden:  135.945692 Your: 135.000000
Golden:  119.529695 Your: 119.000000
Golden:  148.743509 Your: 148.000000
Golden:  -85.473386 Your: -86.000000
Golden: -179.350877 Your: -180.000000
Golden:  -91.959812 Your: -92.000000
Golden:  151.926218 Your: 151.000000
Golden:  -37.047553 Your: -38.000000
Golden: -141.979500 Your: -142.000000
Golden:  -39.234133 Your: -40.000000
Golden:   48.225415 Your: 48.000000
Golden:   -7.930477 Your: -8.000000
Golden:    4.621117 Your: 4.000000
Golden:   65.245180 Your: 65.000000
Golden:   -8.131086 Your: -9.000000
Golden:  168.025149 Your: 168.000000
Golden:  -26.324977 Your: -27.000000
Golden:   -3.042068 Your: -4.000000
Golden:  142.668306 Your: 142.000000
Golden:   87.522978 Your: 87.000000
Golden:   30.652582 Your: 30.000000
Golden:   -3.320781 Your: -4.000000
Golden: -171.690577 Your: -172.000000
Golden:   13.724191 Your: 13.000000
Golden: -173.573532 Your: -174.000000
Golden:   45.692133 Your: 45.000000
Golden:  163.357437 Your: 163.000000
Golden:  -67.698250 Your: -68.000000
Golden:  138.678149 Your: 138.000000
Golden:  -30.319977 Your: -31.000000
Golden:  125.777484 Your: 125.000000
Golden:   92.079472 Your: 92.000000
Golden: -102.029125 Your: -103.000000
Golden: -152.053437 Your: -153.000000
Golden:   37.615647 Your: 37.000000
Golden:   77.625355 Your: 77.000000
Golden:   93.302234 Your: 93.000000
Golden:  -64.663481 Your: -65.000000
Golden:   73.520671 Your: 73.000000
Golden:   83.391155 Your: 83.000000
Golden:  161.359568 Your: 161.000000
Golden:  -69.553666 Your: -70.000000
Golden:  -18.127398 Your: -19.000000
Golden:   98.070555 Your: 98.000000
Golden: -151.478898 Your: -152.000000
Golden:  -51.627807 Your: -52.000000
Golden: -112.344339 Your: -113.000000
Golden:  -79.246371 Your: -80.000000
Golden:   28.861050 Your: 28.000000
Golden: -105.266590 Your: -106.000000
Golden: -119.339278 Your: -120.000000
Golden:   72.566620 Your: 72.000000
Golden: -109.634338 Your: -110.000000
Golden:   94.755057 Your: 94.000000
Golden:  147.254664 Your: 147.000000
Golden:  171.591643 Your: 171.000000
Golden:   69.690471 Your: 69.000000
Golden:   96.858830 Your: 96.000000
Golden:   -3.580308 Your: -4.000000
Golden:  -90.215926 Your: -91.000000
Golden: -119.447029 Your: -120.000000
Golden:   84.320181 Your: 84.000000
Golden:  -69.286952 Your: -70.000000
Golden: -148.394317 Your: -149.000000
Golden:  150.905260 Your: 150.000000
Golden:  130.070149 Your: 130.000000
Golden:  -59.436182 Your: -60.000000
Golden: -141.712320 Your: -142.000000
Golden: -146.007892 Your: -147.000000
Golden:   24.622275 Your: 24.000000
Golden:  179.233587 Your: 179.000000
Golden:   79.059171 Your: 79.000000
Golden:  -50.579172 Your: -51.000000
Golden: -130.165657 Your: -131.000000
Golden:  129.535641 Your: 129.000000
Golden: -171.787736 Your: -172.000000
Golden:  -91.966299 Your: -92.000000
Golden:  -25.875290 Your: -26.000000
Golden:  -87.773388 Your: -88.000000
Golden:  -97.367608 Your: -98.000000
Golden:   45.048203 Your: 45.000000
Golden:  119.019367 Your: 119.000000
Golden:  151.128065 Your: 151.000000
Golden:  -35.644580 Your: -36.000000
Golden:  -46.456305 Your: -47.000000
Golden:  -83.381735 Your: -84.000000
Golden:  100.077444 Your: 100.000000
Golden:   29.273020 Your: 29.000000
Golden:  153.538450 Your: 153.000000
Golden: -159.599968 Your: -160.000000
Golden:   61.120887 Your: 61.000000
Golden:   20.856364 Your: 20.000000
Golden:  105.777250 Your: 105.000000
Golden:   28.262120 Your: 28.000000
Golden:   36.558131 Your: 36.000000
Golden:   41.248506 Your: 41.000000
Golden:  147.962045 Your: 147.000000
Golden:  137.980310 Your: 137.000000
Golden:   86.629184 Your: 86.000000
Golden:    4.301934 Your: 4.000000
Golden:  -24.742057 Your: -25.000000
Golden: -168.880431 Your: -169.000000
Golden: -118.730965 Your: -119.000000
Golden:   45.816968 Your: 43.000000
Golden:   90.425179 Your: 90.000000
Golden:  -98.509206 Your: -99.000000
Golden:  109.495468 Your: 109.000000
Golden:  160.569869 Your: 160.000000
Golden: -124.368111 Your: -125.000000
Golden:   67.118656 Your: 67.000000
Golden:  143.177265 Your: 143.000000
Golden:  161.473121 Your: 161.000000
Golden: -151.148505 Your: -152.000000
Golden:  127.841874 Your: 127.000000
Golden: -152.626174 Your: -153.000000
Golden:  -19.969544 Your: -20.000000
Golden:  -24.128618 Your: -25.000000
Golden:  103.578044 Your: 103.000000
Golden:  131.136074 Your: 131.000000
Golden:  167.142009 Your: 167.000000
Golden: -175.174410 Your: -176.000000
Golden: -128.615309 Your: -129.000000
Golden:   31.073608 Your: 31.000000
Golden:   54.076334 Your: 54.000000
Golden:  -11.220647 Your: -12.000000
Golden:  -44.764396 Your: -45.000000
Golden:  156.401750 Your: 156.000000
Golden:  -90.618417 Your: -91.000000
Golden:  125.445518 Your: 125.000000
Golden:    7.943238 Your: 7.000000
Golden: -164.043153 Your: -165.000000
Golden:  136.751606 Your: 136.000000
Golden: -116.373650 Your: -117.000000
Golden:  136.017500 Your: 136.000000
Golden:   44.217928 Your: 44.000000
Golden:   57.682242 Your: 57.000000
Golden:   98.711791 Your: 98.000000
Golden: -149.843209 Your: -150.000000
Golden:  162.004645 Your: 162.000000
Golden:  135.596035 Your: 135.000000
Golden:    6.890322 Your: 6.000000
Golden:   15.942763 Your: 15.000000
Golden: -140.642231 Your: -141.000000
Golden:   59.370216 Your: 59.000000
Golden:  -49.315200 Your: -50.000000
Golden:   40.009362 Your: 40.000000
Golden:  115.179636 Your: 115.000000
Golden:  -12.829182 Your: -13.000000
Golden:  104.909298 Your: 104.000000
Golden:   56.220283 Your: 56.000000
Golden: -112.230816 Your: -113.000000
Golden: -117.008537 Your: -118.000000
Golden:    5.886502 Your: 5.000000
Golden:  139.945328 Your: 139.000000
Golden:  162.237922 Your: 162.000000
Golden: -168.141546 Your: -169.000000
Golden:  134.621250 Your: 134.000000
Golden:   98.333798 Your: 98.000000
Golden:   65.051737 Your: 65.000000
Golden:  129.224080 Your: 129.000000
Golden:  145.773108 Your: 145.000000
Golden:  -36.893760 Your: -37.000000
Golden:  -67.282760 Your: -68.000000
Golden: -107.055158 Your: -108.000000
Golden: -137.917681 Your: -138.000000
Golden:   77.322826 Your: 77.000000
Golden:   95.170802 Your: 95.000000
Golden:  149.159337 Your: 149.000000
Golden: -139.699479 Your: -140.000000
Golden:   12.685017 Your: 12.000000
Golden:   84.548124 Your: 84.000000
Golden:   51.682598 Your: 51.000000
Golden:   90.699201 Your: 90.000000
Golden:  125.212559 Your: 125.000000
Golden:   12.925618 Your: 12.000000
Golden:  108.298401 Your: 108.000000
Golden:  -59.453112 Your: -60.000000
Golden:   75.030712 Your: 75.000000
Golden:   76.632087 Your: 76.000000
Golden:  -85.944221 Your: -86.000000
Golden:   46.300739 Your: 46.000000
Golden:   94.104199 Your: 94.000000
Golden:    2.371398 Your: 2.000000
Golden:  129.513637 Your: 129.000000
Golden: -109.320521 Your: -110.000000
Golden:  160.180136 Your: 160.000000
Golden:    7.241719 Your: 7.000000
Golden:   22.767663 Your: 22.000000
Golden:  -89.936678 Your: -90.000000
Golden:  -25.062411 Your: -26.000000
Golden: -154.645254 Your: -155.000000
Golden:   86.313103 Your: 86.000000
Golden:   72.210147 Your: 72.000000
Golden:  174.345256 Your: 174.000000
Golden:  -39.727817 Your: -40.000000
Golden:  167.844910 Your: 167.000000
Golden:  149.668097 Your: 149.000000
Golden:  106.335120 Your: 106.000000
Golden:  -53.250072 Your: -54.000000
Golden:  -19.757772 Your: -20.000000
Golden:  121.333122 Your: 121.000000
Golden:   99.816508 Your: 99.000000
Golden:   35.252125 Your: 35.000000
Golden:  126.821051 Your: 126.000000
Golden:  -96.503788 Your: -97.000000
Golden:  -19.777846 Your: -20.000000
Golden:  152.856617 Your: 152.000000
Golden: -133.761517 Your: -134.000000
Golden: -164.912963 Your: -165.000000
Golden: -164.240398 Your: -165.000000
Golden:   -8.199617 Your: -9.000000
Golden:   76.478723 Your: 76.000000
Golden: -159.415263 Your: -160.000000
Golden: -155.309219 Your: -156.000000
Golden:  170.600342 Your: 170.000000
Golden:   30.578102 Your: 30.000000
Golden:  -82.364838 Your: -83.000000
Golden:   35.981506 Your: 35.000000
Golden: -118.260512 Your: -119.000000
Golden: -139.404442 Your: -140.000000
Golden: -131.203187 Your: -132.000000
Golden:  -71.630540 Your: -72.000000
Golden:  -98.120310 Your: -99.000000
Golden:  154.367962 Your: 154.000000
Golden:   -6.159528 Your: -7.000000
Golden:  -61.083012 Your: -62.000000
Golden: -174.620885 Your: -175.000000
Golden: -147.539874 Your: -148.000000
Golden:  -73.604400 Your: -74.000000
Golden: -126.981977 Your: -127.000000
Golden:   62.840413 Your: 62.000000
Golden:  145.081584 Your: 145.000000
Golden: -152.599506 Your: -153.000000
Golden:  -95.894494 Your: -96.000000
Golden:  126.793204 Your: 126.000000
Golden:   98.365620 Your: 98.000000
Golden:   52.658929 Your: 52.000000
Golden: -138.107746 Your: -139.000000
Golden:  132.171572 Your: 132.000000
Golden: -161.168895 Your: -162.000000
Golden:  -40.074159 Your: -41.000000
Golden:   91.144102 Your: 91.000000
Golden:  169.109008 Your: 169.000000
Golden:   -6.745100 Your: -7.000000
Golden: -153.145131 Your: -154.000000
Golden: -158.387210 Your: -159.000000
Golden: -144.777916 Your: -145.000000
Golden:  -25.385888 Your: -26.000000
Golden:   44.089803 Your: 44.000000
Golden:    9.122738 Your: 9.000000
Golden:  -77.849986 Your: -78.000000
Golden:  175.010187 Your: 175.000000
Golden: -106.228979 Your: -107.000000
Golden: -144.304728 Your: -145.000000
Golden:   13.253030 Your: 13.000000
Golden:  -55.387592 Your: -56.000000
Golden: -132.514679 Your: -133.000000
Golden:   25.409464 Your: 25.000000
Golden:   15.371876 Your: 15.000000
Golden:   19.942574 Your: 19.000000
Golden:  131.138410 Your: 131.000000
Golden:  108.657640 Your: 108.000000
Golden:   84.389829 Your: 84.000000
Golden:   40.413026 Your: 40.000000
Golden:  104.562150 Your: 104.000000
Golden: -138.938198 Your: -139.000000
Golden:  -93.197544 Your: -94.000000
Golden: -154.846788 Your: -155.000000
Golden:   80.229326 Your: 80.000000
Golden:  -38.014907 Your: -39.000000
Golden:   66.593204 Your: 66.000000
Golden:  172.775389 Your: 172.000000
Golden:  163.763874 Your: 163.000000
Golden:  -75.095289 Your: -76.000000
Golden:   81.933427 Your: 81.000000
Golden:   49.792542 Your: 49.000000
Golden:  118.739087 Your: 118.000000
Golden:   56.960464 Your: 56.000000
Golden: -122.275166 Your: -123.000000
Golden:  -41.356845 Your: -42.000000
Golden:  131.489508 Your: 136.000000
Golden:   25.049436 Your: 25.000000
Golden:  -49.819241 Your: -50.000000
Golden:   46.169481 Your: 46.000000
Golden:   55.026611 Your: 55.000000
Golden:   18.739558 Your: 18.000000
Golden:   69.975105 Your: 69.000000
Golden: -113.082791 Your: -114.000000
Golden: -149.236447 Your: -150.000000
Golden:   31.913210 Your: 31.000000
Golden:  164.589828 Your: 164.000000
Golden:  105.092589 Your: 105.000000
Golden:  119.570960 Your: 119.000000
Golden:   66.388260 Your: 66.000000
Golden:  131.837628 Your: 131.000000
Golden:  178.436864 Your: 178.000000
Golden:  108.735426 Your: 108.000000
Golden:  156.349850 Your: 156.000000
Golden:  -81.828738 Your: -82.000000
Golden:   39.868702 Your: 39.000000
Golden:  -72.764410 Your: -73.000000
Golden: -123.751756 Your: -124.000000
Golden:   81.413345 Your: 81.000000
Golden: -113.742381 Your: -114.000000
Golden: -178.258716 Your: -179.000000
Golden:   26.115364 Your: 26.000000
Golden: -107.489107 Your: -108.000000
Golden:  151.992916 Your: 151.000000
Golden:  -80.858856 Your: -81.000000
Golden:  134.444188 Your: 134.000000
Golden:  -61.248954 Your: -62.000000
Golden:  145.926079 Your: 145.000000
Golden:  120.643317 Your: 120.000000
Golden: -173.825581 Your: -174.000000
Golden:   56.257896 Your: 56.000000
Golden:   97.879511 Your: 97.000000
Golden:   62.231220 Your: 62.000000
Golden:  -11.365465 Your: -12.000000
Golden:  103.724345 Your: 103.000000
Golden:  -32.746704 Your: -33.000000
Golden:  -86.431732 Your: -87.000000
Golden:  105.589381 Your: 105.000000
Golden:  -52.053368 Your: -53.000000
Golden:   55.761582 Your: 55.000000
Golden:  144.141613 Your: 144.000000
Golden:  112.176897 Your: 112.000000
Golden: -100.008817 Your: -101.000000
Golden:   73.809026 Your: 73.000000
Golden:  -35.253763 Your: -36.000000
Golden: -132.181720 Your: -133.000000
Golden:  136.397426 Your: 136.000000
Golden: -140.087907 Your: -141.000000
Golden: -139.394204 Your: -140.000000
Golden: -131.661310 Your: -132.000000
Golden:  125.497235 Your: 125.000000
Golden:  -26.158908 Your: -27.000000
Golden:  134.452646 Your: 136.000000
Golden:  -31.172378 Your: -32.000000
Golden: -158.592206 Your: -159.000000
Golden:   34.485156 Your: 34.000000
Golden:    9.376853 Your: 9.000000
Golden: -128.568451 Your: -129.000000
Golden:   74.473531 Your: 74.000000
Golden:  152.428876 Your: 152.000000
Golden:   44.901634 Your: 44.000000
Golden: -163.987168 Your: -164.000000
Golden:  -95.798327 Your: -96.000000
Golden:  -62.345971 Your: -63.000000
Golden: -169.443790 Your: -170.000000
Golden:  -42.969668 Your: -43.000000
Golden:   -1.540349 Your: -2.000000
Golden:   62.463797 Your: 62.000000
Golden:   66.031499 Your: 66.000000
Golden:  123.542358 Your: 123.000000
Golden:  -74.283154 Your: -75.000000
Golden:  162.295062 Your: 162.000000
Golden:   95.434298 Your: 95.000000
Golden:   25.254637 Your: 25.000000
Golden:  131.397222 Your: 136.000000
Golden: -115.305352 Your: -116.000000
Golden:  -77.431168 Your: -78.000000
Golden: -160.535935 Your: -161.000000
Golden:   89.496805 Your: 89.000000
Golden:  -78.360753 Your: -79.000000
Golden: -132.539063 Your: -133.000000
Golden: -124.235131 Your: -125.000000
Golden:  -82.629557 Your: -83.000000
Golden:  104.812576 Your: 104.000000
Golden:  -74.432191 Your: -75.000000
Golden:  -85.530222 Your: -86.000000
Golden:  126.066898 Your: 126.000000
Golden:  -69.995696 Your: -70.000000
Golden:  -62.122737 Your: -63.000000
Golden: -168.635343 Your: -169.000000
Golden:  101.120575 Your: 101.000000
Golden:  143.099266 Your: 143.000000
Golden:   68.145198 Your: 68.000000
Golden:   94.914678 Your: 94.000000
Golden:  -85.417320 Your: -86.000000
Golden:   37.148355 Your: 37.000000
Golden: -106.016382 Your: -107.000000
Golden:  -76.203699 Your: -77.000000
Golden:  -25.528709 Your: -26.000000
Golden:  -96.290073 Your: -97.000000
Golden:  157.142305 Your: 157.000000
Golden:  134.682454 Your: 134.000000
Golden:  -82.729789 Your: -83.000000
Golden:  127.139520 Your: 127.000000
Golden:  -46.938777 Your: -47.000000
Golden:  152.118952 Your: 152.000000
Golden: -108.475176 Your: -109.000000
Golden:   79.067596 Your: 79.000000
Golden: -163.996748 Your: -164.000000
Golden:  -12.742117 Your: -13.000000
Golden: -117.816266 Your: -118.000000
Golden:  -42.332554 Your: -43.000000
Golden:  179.379461 Your: 179.000000
Golden:  -80.311728 Your: -81.000000
Golden: -179.390385 Your: -180.000000
Golden:  -92.145827 Your: -93.000000
Golden:  161.249555 Your: 161.000000
Golden:  102.302469 Your: 102.000000
Golden:  -32.966745 Your: -33.000000
Golden:  -64.041489 Your: -65.000000
Golden:   95.116862 Your: 95.000000
Golden:  112.498021 Your: 112.000000
Golden:  103.981671 Your: 103.000000
Golden:   53.816788 Your: 53.000000
Golden: -111.168130 Your: -112.000000
Golden:  -95.798930 Your: -96.000000
Golden:  126.841181 Your: 126.000000
Golden:  -57.442803 Your: -58.000000
Golden:   92.729348 Your: 92.000000
Golden:  -98.992892 Your: -99.000000
Golden:   -4.404524 Your: -5.000000
Golden:  -62.285239 Your: -63.000000
Golden:  -22.565280 Your: -23.000000
Golden:  162.308983 Your: 162.000000
Golden:   50.346246 Your: 50.000000
Golden: -160.128286 Your: -161.000000
Golden:  -11.648591 Your: -12.000000
Golden:   99.332092 Your: 99.000000
Golden:    5.093190 Your: 5.000000
Golden:  111.043764 Your: 111.000000
Golden: -176.216797 Your: -177.000000
Golden:    3.090397 Your: 3.000000
Golden: -175.814830 Your: -176.000000
Golden:   98.943526 Your: 98.000000
Golden:   59.043378 Your: 59.000000
Golden:   18.168996 Your: 18.000000
Golden:  135.473751 Your: 135.000000
Golden: -159.408289 Your: -160.000000
Golden: -134.318136 Your: -135.000000
Golden:  -74.894042 Your: -75.000000
Golden:   57.600699 Your: 57.000000
Golden:   22.179401 Your: 22.000000
Golden:  151.688272 Your: 151.000000
Golden:   63.524790 Your: 63.000000
Golden:  129.495853 Your: 129.000000
Golden:   42.761146 Your: 42.000000
Golden:   40.861351 Your: 40.000000
Golden: -115.163909 Your: -116.000000
Golden:  133.332726 Your: 133.000000
Golden: -153.406475 Your: -154.000000
Golden:  145.927730 Your: 145.000000
Golden:   88.282378 Your: 88.000000
Golden:  147.436700 Your: 147.000000
Golden:  -31.212583 Your: -32.000000
Golden: -163.730477 Your: -164.000000
Golden: -122.889171 Your: -123.000000
Golden:  -33.702269 Your: -34.000000
Golden: -165.847278 Your: -166.000000
Golden:  -19.978086 Your: -20.000000
Golden:  -11.917929 Your: -12.000000
Golden: -151.506715 Your: -152.000000
Golden:  107.112408 Your: 107.000000
Golden:  159.932138 Your: 159.000000
Golden:  -80.783045 Your: -81.000000
Golden: -145.583252 Your: -146.000000
Golden:  -89.475048 Your: -90.000000
Golden:   94.138516 Your: 94.000000
Golden:   76.750876 Your: 76.000000
Golden: -130.284028 Your: -131.000000
Golden:  105.531718 Your: 105.000000
Golden:   23.883321 Your: 23.000000
Golden: -168.615903 Your: -169.000000
Golden:  -86.820932 Your: -87.000000
Golden:   94.230748 Your: 94.000000
Golden:   28.364108 Your: 28.000000
Golden:  -25.543690 Your: -26.000000
Golden:   26.289214 Your: 26.000000
Golden:  170.736819 Your: 170.000000
Golden:  136.034236 Your: 136.000000
Golden: -136.009949 Your: -137.000000
Golden:   45.137679 Your: 45.000000
Golden: -166.637385 Your: -167.000000
Golden:  -67.241628 Your: -68.000000
Golden:   77.476498 Your: 77.000000
Golden:  130.628072 Your: 130.000000
Golden:    9.000280 Your: 9.000000
Golden:  148.840812 Your: 148.000000
Golden:  113.045971 Your: 113.000000
Golden:  -79.064065 Your: -80.000000
Golden:   68.985033 Your: 68.000000
Golden:  -27.662675 Your: -28.000000
Golden:   52.503615 Your: 52.000000
Golden: -146.720370 Your: -147.000000
Golden:  125.322150 Your: 125.000000
Golden:  -29.049126 Your: -30.000000
Golden: -172.872784 Your: -173.000000
Golden:  -31.023495 Your: -32.000000
Golden:  -49.153144 Your: -50.000000
Golden: -162.814506 Your: -163.000000
Golden:  100.730308 Your: 100.000000
Golden:  158.063906 Your: 158.000000
Golden: -128.147182 Your: -129.000000
Golden: -131.514636 Your: -137.000000
Golden:  -68.717054 Your: -69.000000
Golden:  -43.920468 Your: -44.000000
Golden:   96.340307 Your: 96.000000
Golden:  125.091414 Your: 125.000000
Golden:  140.277820 Your: 140.000000
Golden:   50.715845 Your: 50.000000
Golden:  -92.724093 Your: -93.000000
Golden:  117.252452 Your: 117.000000
Golden:  129.833828 Your: 129.000000
Golden:  -20.983187 Your: -21.000000
Golden:   61.423364 Your: 61.000000
Golden:  170.863098 Your: 170.000000
Golden:  -76.364444 Your: -77.000000
Golden:  136.414401 Your: 136.000000
Golden:  -56.771319 Your: -57.000000
Golden:   16.222719 Your: 16.000000
Golden:  -91.393332 Your: -92.000000
Golden: -129.146461 Your: -130.000000
Golden: -160.864533 Your: -161.000000
Golden:  -34.835391 Your: -35.000000
Golden:  112.641008 Your: 112.000000
Golden:   69.290731 Your: 69.000000
Golden:  138.964532 Your: 138.000000
Golden:   83.985644 Your: 83.000000
Golden:   46.292417 Your: 46.000000
Golden:  -20.370129 Your: -21.000000
Golden:  128.258892 Your: 128.000000
Golden:   44.520906 Your: 44.000000
Golden:  -63.871800 Your: -64.000000
Golden:  -94.614646 Your: -95.000000
Golden:  113.162626 Your: 113.000000
Golden:  134.362406 Your: 134.000000
Golden: -170.539545 Your: -171.000000
Golden: -174.458097 Your: -175.000000
Golden: -105.083944 Your: -106.000000
Golden:   74.748891 Your: 74.000000
Golden:  137.065286 Your: 137.000000
Golden:  -62.917896 Your: -63.000000
Golden:  -94.005723 Your: -95.000000
Golden:  -69.384496 Your: -70.000000
Golden:  129.629457 Your: 129.000000
Golden:   44.333381 Your: 44.000000
Golden: -137.879946 Your: -138.000000
Golden:  177.280069 Your: 177.000000
Golden: -111.822042 Your: -112.000000
Golden:  -11.469171 Your: -12.000000
Golden:   62.945012 Your: 62.000000
Golden:  150.460582 Your: 150.000000
Golden:   44.309632 Your: 44.000000
Golden:  129.132635 Your: 129.000000
Golden:   32.005544 Your: 32.000000
Golden: -179.161425 Your: -180.000000
Golden:   19.957061 Your: 19.000000
Golden: -173.044631 Your: -174.000000
Golden:  173.450802 Your: 173.000000
Golden:  132.777539 Your: 132.000000
Golden: -139.888907 Your: -140.000000
Golden:   -4.268788 Your: -5.000000
Golden:  -73.196142 Your: -74.000000
Golden:  -58.485996 Your: -59.000000
Golden:  -69.593600 Your: -70.000000
Golden:   62.063880 Your: 62.000000
Golden:  168.836217 Your: 168.000000
Golden:  142.557105 Your: 142.000000
Golden:  158.287125 Your: 158.000000
Golden:   80.956253 Your: 80.000000
Golden:  -83.687843 Your: -84.000000
Golden:  130.271203 Your: 130.000000
Golden:   36.429662 Your: 36.000000
Golden:   -1.103821 Your: -2.000000
Golden:  110.280742 Your: 110.000000
Golden:  -30.161451 Your: -31.000000
Golden:  -18.540188 Your: -19.000000
Golden:  -45.542996 Your: -46.000000
Golden:  176.956065 Your: 176.000000
Golden:  -57.747187 Your: -58.000000
Golden: -101.586999 Your: -102.000000
Golden:  -33.411425 Your: -34.000000
Golden:   36.876084 Your: 36.000000
Golden:   36.774297 Your: 36.000000
Golden:   80.536436 Your: 80.000000
Golden: -131.046235 Your: -132.000000
Golden:   72.961573 Your: 72.000000
Golden:  147.147998 Your: 147.000000
Golden:  130.012750 Your: 130.000000
Golden:   42.802529 Your: 46.000000
Golden: -148.895951 Your: -149.000000
Golden:  115.625545 Your: 115.000000
Golden: -128.703906 Your: -129.000000
Golden:   61.245390 Your: 61.000000
Golden:   46.356088 Your: 43.000000
Golden:  160.601450 Your: 160.000000
Golden:  -48.361670 Your: -49.000000
Golden: -151.253272 Your: -152.000000
Golden:  -38.029337 Your: -39.000000
Golden:   88.900232 Your: 88.000000
Golden:  167.572912 Your: 167.000000
Golden:   -4.061695 Your: -5.000000
Golden:   25.624282 Your: 25.000000
Golden:   51.687680 Your: 51.000000
Golden:  136.579336 Your: 136.000000
Golden:  -46.697001 Your: -47.000000
Golden:  100.745445 Your: 100.000000
Golden:  -80.299663 Your: -81.000000
Golden:  -48.824670 Your: -49.000000
Golden:  -34.966002 Your: -35.000000
Golden: -147.858051 Your: -148.000000
Golden:  -14.742872 Your: -15.000000
Golden:   58.267893 Your: 58.000000
Golden:   33.369423 Your: 33.000000
Golden:   41.109409 Your: 41.000000
Golden:   58.626030 Your: 58.000000
Golden: -173.884551 Your: -174.000000
Golden: -132.841113 Your: -137.000000
Golden: -118.304741 Your: -119.000000
Golden: -106.757772 Your: -107.000000
Golden:  -43.110666 Your: -44.000000
Golden:  100.186180 Your: 100.000000
Golden:  -85.037832 Your: -86.000000
Golden: -155.467280 Your: -156.000000
Golden:   20.467261 Your: 20.000000
Golden:   92.346553 Your: 92.000000
Golden: -100.400930 Your: -101.000000
Golden:  139.379848 Your: 139.000000
Golden:  114.979038 Your: 114.000000
Golden:   -1.428091 Your: -2.000000
Golden:  -90.187559 Your: -91.000000
Golden:  104.060017 Your: 104.000000
Golden:  -62.315917 Your: -63.000000
Golden:  132.509415 Your: 132.000000
Golden:   72.910779 Your: 72.000000
Golden:  131.973854 Your: 131.000000
Golden:   71.008980 Your: 71.000000
Golden:  122.452390 Your: 122.000000
Golden: -141.875308 Your: -142.000000
Golden:  -37.276483 Your: -38.000000
Golden:  105.959722 Your: 105.000000
Golden:   -9.699581 Your: -10.000000
Golden:  -97.408143 Your: -98.000000
Golden:  -13.108615 Your: -14.000000
Golden:  -34.011643 Your: -35.000000
Golden: -100.922772 Your: -101.000000
Golden:  138.844069 Your: 138.000000
Golden: -161.364584 Your: -162.000000
Golden:  -60.522862 Your: -61.000000
Golden:   86.382749 Your: 86.000000
Golden:  163.589035 Your: 163.000000
Golden: -114.863862 Your: -115.000000
Golden: -131.560467 Your: -132.000000
Golden:  138.856965 Your: 138.000000
Golden: -110.409439 Your: -111.000000
Golden:  -24.206096 Your: -25.000000
Golden: -132.368044 Your: -133.000000
Golden:  -89.255988 Your: -90.000000
Golden:   75.958998 Your: 75.000000
Golden:   -7.212164 Your: -8.000000
Golden:   49.671702 Your: 49.000000
Golden:  136.731754 Your: 136.000000
Golden:   36.765081 Your: 36.000000
Golden:   89.565345 Your: 89.000000
Golden:  -27.668123 Your: -28.000000
Golden: -112.129361 Your: -113.000000
Golden:  107.150514 Your: 107.000000
Golden: -176.237108 Your: -177.000000
Golden:  121.001005 Your: 121.000000
Golden:  124.787305 Your: 124.000000
Golden:   55.798865 Your: 55.000000
Golden:    4.425435 Your: 4.000000
Golden: -150.713604 Your: -151.000000
Golden: -154.653970 Your: -155.000000
Golden:  -15.520458 Your: -16.000000
Golden:  -42.891231 Your: -43.000000
Golden: -165.916287 Your: -166.000000
Golden:   87.323119 Your: 87.000000
Golden: -174.107501 Your: -175.000000
Golden:   55.392638 Your: 55.000000
Golden:   36.422735 Your: 36.000000
Golden:   48.321098 Your: 48.000000
Golden:  -73.949850 Your: -74.000000
Golden:   -0.318303 Your: -1.000000
Golden:  166.516337 Your: 166.000000
Golden:   -9.081000 Your: -10.000000
Golden:   47.339064 Your: 47.000000
Golden:  -74.317163 Your: -75.000000
Golden:  107.080078 Your: 107.000000
Golden: -125.697036 Your: -126.000000
Golden:  -47.770845 Your: -48.000000
Golden:  149.556003 Your: 149.000000
Golden:  -40.456504 Your: -41.000000
Golden: -157.718967 Your: -158.000000
Golden:  173.438752 Your: 173.000000
Golden: -172.340958 Your: -173.000000
Golden:  -85.698716 Your: -86.000000
Golden:  131.490678 Your: 131.000000
Golden:  176.052195 Your: 176.000000
Golden:  -83.611946 Your: -84.000000
Golden: -154.267306 Your: -155.000000
Golden:  -96.011789 Your: -97.000000
Golden:   96.131071 Your: 96.000000
Golden: -170.600643 Your: -171.000000
Golden:   26.465859 Your: 26.000000
Golden:  125.038633 Your: 125.000000
Golden:   34.676428 Your: 34.000000
Golden:  -53.615050 Your: -54.000000
Golden: -151.181763 Your: -152.000000
Golden:   94.788174 Your: 94.000000
Golden:   51.462405 Your: 51.000000
Golden:  114.474598 Your: 114.000000
Golden:  139.262830 Your: 139.000000
Golden:  -84.552798 Your: -85.000000
Golden:  109.653050 Your: 109.000000
Golden: -179.201105 Your: -180.000000
Golden: -147.549659 Your: -148.000000
Golden:  138.185917 Your: 138.000000
Golden:  -24.871274 Your: -25.000000
Golden: -121.274898 Your: -122.000000
Golden:  -53.726100 Your: -54.000000
Golden:   -6.499163 Your: -7.000000
Golden:   56.530736 Your: 56.000000
Golden:  -46.624202 Your: -47.000000
Golden: -131.808557 Your: -132.000000
Golden:   13.453443 Your: 13.000000
Golden:  -40.770944 Your: -41.000000
Golden:   10.411727 Your: 10.000000
Golden:   21.952190 Your: 21.000000
Golden:  134.452060 Your: 134.000000
Golden: -152.028324 Your: -153.000000
Golden:   -6.312565 Your: -7.000000
Golden:  -39.517175 Your: -40.000000
Golden:   30.724146 Your: 30.000000
Golden:  172.838596 Your: 172.000000
Golden: -159.521756 Your: -160.000000
Golden: -169.081701 Your: -170.000000
Golden:   89.638324 Your: 89.000000
Golden:  -67.365454 Your: -68.000000
Golden:  177.411722 Your: 177.000000
Golden: -178.672247 Your: -179.000000
Golden:   50.401224 Your: 50.000000
Golden:   41.260230 Your: 41.000000
Golden: -160.495093 Your: -161.000000
Golden: -141.878441 Your: -142.000000
Golden:  -38.889857 Your: -39.000000
Golden: -105.664473 Your: -106.000000
Golden:   -0.500152 Your: -1.000000
Golden:  115.909248 Your: 115.000000
Golden:   85.637943 Your: 85.000000
Golden:    2.871959 Your: 2.000000
Golden:   -3.439863 Your: -4.000000
Golden:   33.956204 Your: 33.000000
Golden:  -50.982856 Your: -51.000000
Golden: -164.004825 Your: -165.000000
Golden: -107.581746 Your: -108.000000
Golden:  170.690530 Your: 170.000000
Golden: -120.670554 Your: -121.000000
Golden:  -67.947966 Your: -68.000000
Golden:  -72.060992 Your: -73.000000
Golden:   67.930478 Your: 67.000000
Golden:  -20.856547 Your: -21.000000
Golden:  -53.376429 Your: -54.000000
Golden:   64.178848 Your: 64.000000
Golden:  -55.754288 Your: -56.000000
Golden:  134.587171 Your: 134.000000
Golden:  133.987033 Your: 133.000000
Golden:  148.442540 Your: 148.000000
Golden: -126.177613 Your: -127.000000
Golden:   99.953348 Your: 99.000000
Golden: -100.671065 Your: -101.000000
Golden:  162.901154 Your: 162.000000
Golden:  131.834307 Your: 131.000000
Golden: -166.180689 Your: -167.000000
Golden:   84.944510 Your: 84.000000
Golden:   18.434067 Your: 18.000000
Golden: -176.352008 Your: -177.000000
Golden: -134.843207 Your: -135.000000
Golden:  174.429985 Your: 174.000000
Golden:  -84.505520 Your: -85.000000
Golden:  -15.941786 Your: -16.000000
Golden: -155.504946 Your: -156.000000
Golden:  -36.486702 Your: -37.000000
Golden:   32.037427 Your: 32.000000
Golden: -179.743691 Your: -180.000000
Golden:  115.561948 Your: 115.000000
Golden:  127.520103 Your: 127.000000
Golden:  -37.003040 Your: -38.000000
Golden:  173.126099 Your: 173.000000
Golden:  134.988692 Your: 134.000000
Golden:   84.198796 Your: 84.000000
Golden:  -89.411377 Your: -90.000000
Golden:  -59.308597 Your: -60.000000
Golden:  -15.990092 Your: -16.000000
Golden:   54.318318 Your: 54.000000
Golden:  122.517192 Your: 122.000000
Golden:   45.574341 Your: 45.000000
Golden:  -85.760768 Your: -86.000000
Golden:  -39.416788 Your: -40.000000
Golden: -145.931406 Your: -146.000000
Golden:  -69.469363 Your: -70.000000
Golden:  176.758578 Your: 176.000000
Golden:  140.816152 Your: 140.000000
Golden:    1.186908 Your: 1.000000
Golden:   82.346495 Your: 82.000000
Golden:   87.614014 Your: 87.000000
Golden: -164.104563 Your: -165.000000
Golden:   51.052547 Your: 51.000000
Golden:   27.674444 Your: 27.000000
Golden:   90.208034 Your: 90.000000
Golden: -106.379707 Your: -107.000000
Golden:   67.256766 Your: 67.000000
Golden:  -87.203312 Your: -88.000000
Golden: -132.774727 Your: -133.000000
Golden:   92.561625 Your: 92.000000
Golden:   15.124943 Your: 15.000000
Golden:   85.193357 Your: 85.000000
Golden: -176.300529 Your: -177.000000
Golden:  -64.240180 Your: -65.000000
Golden:   23.753575 Your: 23.000000
Golden: -140.755465 Your: -141.000000
Golden:   -7.346750 Your: -8.000000
Golden:  -27.562520 Your: -28.000000
Golden:  102.994085 Your: 102.000000
Golden: -134.718202 Your: -137.000000
Golden:   57.949156 Your: 57.000000
Golden: -138.721338 Your: -139.000000
Golden:   31.899571 Your: 31.000000
Golden:  160.086889 Your: 160.000000
Golden:  -20.316582 Your: -21.000000
Golden:  -45.120085 Your: -46.000000
Golden:  139.573169 Your: 139.000000
Golden: -127.503130 Your: -128.000000
Golden: -106.887377 Your: -107.000000
Golden:   56.508683 Your: 56.000000
Golden:   17.717327 Your: 17.000000
Golden:   43.485007 Your: 43.000000
Golden: -103.947180 Your: -104.000000
Golden:   99.602944 Your: 99.000000
Golden:   86.807815 Your: 86.000000
Golden:  -26.495307 Your: -27.000000
Golden:  -40.118724 Your: -41.000000
Golden:  -80.505176 Your: -81.000000
Golden:  175.889516 Your: 175.000000
Golden:   87.122352 Your: 87.000000
Golden: -150.600068 Your: -151.000000
Golden:   56.592775 Your: 56.000000
Golden:  174.322468 Your: 174.000000
Golden:  -73.098649 Your: -74.000000
Golden:  -30.585463 Your: -31.000000
Golden:   26.739845 Your: 26.000000
Golden: -137.286626 Your: -138.000000
Golden:   -5.001512 Your: -6.000000
Golden:  -24.131305 Your: -25.000000
Golden: -171.933320 Your: -172.000000
Golden: -125.252526 Your: -126.000000
Golden:  132.295420 Your: 132.000000
Golden: -107.217570 Your: -108.000000
Golden: -145.286793 Your: -146.000000
Golden:  131.258168 Your: 131.000000
Golden:  -38.234145 Your: -39.000000
Golden:   34.459815 Your: 34.000000
Golden:  150.765561 Your: 150.000000
Golden:   12.086878 Your: 12.000000
Golden: -113.548567 Your: -114.000000
Golden:   -8.223816 Your: -9.000000
Golden: -108.927571 Your: -109.000000
Golden:   44.011437 Your: 44.000000
Golden:   89.606055 Your: 89.000000
Golden: -112.990433 Your: -113.000000
Golden:  -81.580269 Your: -82.000000
Golden: -136.022170 Your: -137.000000
Golden:  -19.762380 Your: -20.000000
Golden:   58.817742 Your: 58.000000
Golden:  -63.724903 Your: -64.000000
Golden: -103.578512 Your: -104.000000
Golden: -155.972709 Your: -156.000000
Golden:  149.426938 Your: 149.000000
Golden:  -36.077916 Your: -37.000000
Golden: -117.730842 Your: -118.000000
Golden:   72.107102 Your: 72.000000
Golden:  155.828516 Your: 155.000000
Golden:  -92.598936 Your: -93.000000
Golden:   -1.253009 Your: -2.000000
Golden:  -89.434853 Your: -90.000000
Golden:   -4.319926 Your: -5.000000
Golden:  176.113668 Your: 176.000000
Golden:  147.648984 Your: 147.000000
Golden: -138.733463 Your: -139.000000
Golden:  100.179166 Your: 100.000000
Golden:   41.225963 Your: 41.000000
Golden:   40.640834 Your: 40.000000
Golden:   11.527497 Your: 11.000000
Golden:  -42.399059 Your: -43.000000
Golden:  135.214136 Your: 135.000000
Golden:  -44.328312 Your: -45.000000
Golden:  -78.514651 Your: -79.000000
Golden:   88.264385 Your: 88.000000
Golden:  -22.882827 Your: -23.000000
Golden:   59.030810 Your: 59.000000
Golden: -106.407567 Your: -107.000000
Golden: -174.948618 Your: -175.000000
Golden:   -7.243301 Your: -8.000000
Golden:   78.738143 Your: 78.000000
Golden:   46.154083 Your: 46.000000
Golden:  -35.308807 Your: -36.000000
Golden: -134.774511 Your: -135.000000
Golden:  -85.827343 Your: -86.000000
Golden:   67.646087 Your: 67.000000
Golden: -116.628677 Your: -117.000000
Golden:  -13.736700 Your: -14.000000
Golden:   59.169106 Your: 59.000000
Golden:   55.455753 Your: 55.000000
Golden:   95.248893 Your: 95.000000
Golden:   23.586753 Your: 23.000000
Golden:  -38.696817 Your: -39.000000
Golden:   40.688589 Your: 40.000000
Golden:  -53.741464 Your: -54.000000
Golden:  -90.794196 Your: -91.000000
Golden: -168.706307 Your: -169.000000
Golden:   99.459843 Your: 99.000000
Golden:  -56.611446 Your: -57.000000
Golden: -141.621344 Your: -142.000000
Golden:   91.779570 Your: 91.000000
Golden:  -69.238273 Your: -70.000000
Golden:   63.778264 Your: 63.000000
Golden:  -53.019290 Your: -54.000000
Golden:   78.722101 Your: 78.000000
Golden:   66.025708 Your: 66.000000
Golden:  -84.294189 Your: -85.000000
Golden:  -77.999411 Your: -78.000000
Golden: -175.629010 Your: -176.000000
Golden:   14.402357 Your: 14.000000
Golden:  -10.427498 Your: -11.000000
Golden: -144.508255 Your: -145.000000
Golden:   48.101111 Your: 48.000000
Golden:  100.505868 Your: 100.000000
Golden:  -51.953973 Your: -52.000000
Total pat:     1000 Error_rate_radius: 0.017685 Error_rate_angle: 0.017748
$finish called at time : 950250 ns : File "C:/Users/Cheng Hsuan Hong/Desktop/DCIC/Rectangular_To_Polar_Conversion/Rectangular_To_Polar_Conversion.srcs/sim_1/new/tb_R2P.v" Line 166
